#
# There is insufficient memory for the Java Runtime Environment to continue.
# Native memory allocation (malloc) failed to allocate 1048576 bytes for AllocateHeap
# Possible reasons:
#   The system is out of physical RAM or swap space
#   The process is running with CompressedOops enabled, and the Java Heap may be blocking the growth of the native heap
# Possible solutions:
#   Reduce memory load on the system
#   Increase physical memory or swap space
#   Check if swap backing store is full
#   Decrease Java heap size (-Xmx/-Xms)
#   Decrease number of Java threads
#   Decrease Java thread stack sizes (-Xss)
#   Set larger code cache with -XX:ReservedCodeCacheSize=
# This output file may be truncated or incomplete.
#
#  Out of Memory Error (t:/workspace/open/src/hotspot/share/memory/allocation.cpp:45), pid=7308, tid=636
#
# JRE version:  (13.0.1+9) (build )
# Java VM: Java HotSpot(TM) 64-Bit Server VM (13.0.1+9, mixed mode, aot, sharing, tiered, compressed oops, g1 gc, windows-amd64)
# No core dump will be written. Minidumps are not enabled by default on client versions of Windows
#

---------------  S U M M A R Y ------------

Command Line: -Dfile.encoding=Cp1252 com.GameStudios.main.Game

Host: Intel(R) Core(TM) i3-3250 CPU @ 3.50GHz, 4 cores, 7G,  Windows 10 , 64 bit Build 18362 (10.0.18362.778)
Time: Fri Apr 17 14:45:35 2020 Hora oficial do Brasil elapsed time: 0 seconds (0d 0h 0m 0s)

---------------  T H R E A D  ---------------

Current thread (0x000002b53dfba000):  JavaThread "Unknown thread" [_thread_in_vm, id=636, stack(0x000000d3d9600000,0x000000d3d9700000)]

Stack: [0x000000d3d9600000,0x000000d3d9700000]
Native frames: (J=compiled Java code, j=interpreted, Vv=VM code, C=native code)
V  [jvm.dll+0x626eca]
V  [jvm.dll+0x772c6a]
V  [jvm.dll+0x77441f]
V  [jvm.dll+0x774a23]
V  [jvm.dll+0x24da58]
V  [jvm.dll+0xbaa2f]
V  [jvm.dll+0x2ef513]
V  [jvm.dll+0x2e84f5]
V  [jvm.dll+0x74fcd8]
V  [jvm.dll+0x363739]
V  [jvm.dll+0x732dc5]
V  [jvm.dll+0x3ce2ef]
V  [jvm.dll+0x3d0611]
C  [jli.dll+0x51ff]
C  [ucrtbase.dll+0x20e72]
C  [KERNEL32.DLL+0x17bd4]
C  [ntdll.dll+0x6ce51]


---------------  P R O C E S S  ---------------

Threads class SMR info:
_java_thread_list=0x00007ffac4a746b8, length=0, elements={
}

Java Threads: ( => current thread )

Other Threads:
  0x000002b53dffe800 GCTaskThread "GC Thread#0" [stack: 0x000000d3d9700000,0x000000d3d9800000] [id=7284]

[error occurred during error reporting (printing all threads), id 0xc0000005, EXCEPTION_ACCESS_VIOLATION (0xc0000005) at pc=0x00007ffac42a3ff0]

VM state:not at safepoint (not fully initialized)

VM Mutex/Monitor currently owned by a thread:  ([mutex/lock_event])
[0x000002b53dfb73d0] Heap_lock - owner thread: 0x000002b53dfba000

Heap address: 0x0000000080800000, size: 2040 MB, Compressed Oops mode: Non-zero based: 0x0000000080800000
Narrow klass base: 0x0000000000000000, Narrow klass shift: 0

GC Heap History (0 events):
No events

Deoptimization events (0 events):
No events

Classes unloaded (0 events):
No events

Classes redefined (0 events):
No events

Internal exceptions (0 events):
No events

Events (8 events):
Event: 0.009 Loaded shared library C:\Program Files\Java\jdk-13.0.1\bin\zip.dll
Event: 0.009 Loaded shared library C:\Program Files\Java\jdk-13.0.1\bin\jimage.dll
Event: 0.011 Loading shared library C:\Program Files\Java\jdk-13.0.1\lib\libjava.base-coop.dll failed, error code 126
Event: 0.011 Loading shared library C:\Program Files\Java\jdk-13.0.1\lib\libjava.logging-coop.dll failed, error code 126
Event: 0.011 Loading shared library C:\Program Files\Java\jdk-13.0.1\lib\libjdk.compiler-coop.dll failed, error code 126
Event: 0.011 Loading shared library C:\Program Files\Java\jdk-13.0.1\lib\libjdk.scripting.nashorn-coop.dll failed, error code 126
Event: 0.011 Loading shared library C:\Program Files\Java\jdk-13.0.1\lib\libjdk.internal.vm.ci-coop.dll failed, error code 126
Event: 0.011 Loading shared library C:\Program Files\Java\jdk-13.0.1\lib\libjdk.internal.vm.compiler-coop.dll failed, error code 126


Dynamic libraries:
0x00007ff6bc730000 - 0x00007ff6bc73f000 	C:\Program Files\Java\jdk-13.0.1\bin\javaw.exe
0x00007ffb0f5e0000 - 0x00007ffb0f7d0000 	C:\WINDOWS\SYSTEM32\ntdll.dll
0x00007ffb0d690000 - 0x00007ffb0d742000 	C:\WINDOWS\System32\KERNEL32.DLL
0x00007ffb0c6d0000 - 0x00007ffb0c973000 	C:\WINDOWS\System32\KERNELBASE.dll
0x00007ffb0ccc0000 - 0x00007ffb0cdba000 	C:\WINDOWS\System32\ucrtbase.dll
0x00007ffafd340000 - 0x00007ffafd355000 	C:\Program Files\Java\jdk-13.0.1\bin\VCRUNTIME140.dll
0x00007ffaf2c10000 - 0x00007ffaf2c28000 	C:\Program Files\Java\jdk-13.0.1\bin\jli.dll
0x00007ffb0d9a0000 - 0x00007ffb0da43000 	C:\WINDOWS\System32\ADVAPI32.dll
0x00007ffb0f320000 - 0x00007ffb0f3be000 	C:\WINDOWS\System32\msvcrt.dll
0x00007ffb0d750000 - 0x00007ffb0d7e7000 	C:\WINDOWS\System32\sechost.dll
0x00007ffb0eea0000 - 0x00007ffb0efc0000 	C:\WINDOWS\System32\RPCRT4.dll
0x00007ffb0e040000 - 0x00007ffb0e1d4000 	C:\WINDOWS\System32\USER32.dll
0x00007ffb0c980000 - 0x00007ffb0c9a1000 	C:\WINDOWS\System32\win32u.dll
0x00007ffb0dac0000 - 0x00007ffb0dae6000 	C:\WINDOWS\System32\GDI32.dll
0x00007ffb0c9b0000 - 0x00007ffb0cb44000 	C:\WINDOWS\System32\gdi32full.dll
0x00007ffb0cba0000 - 0x00007ffb0cc3e000 	C:\WINDOWS\System32\msvcp_win.dll
0x00007ffaf7df0000 - 0x00007ffaf8075000 	C:\WINDOWS\WinSxS\amd64_microsoft.windows.common-controls_6595b64144ccf1df_6.0.18362.778_none_e6c6b761130d4fb8\COMCTL32.dll
0x00007ffb0ea00000 - 0x00007ffb0ed36000 	C:\WINDOWS\System32\combase.dll
0x00007ffb0c650000 - 0x00007ffb0c6d0000 	C:\WINDOWS\System32\bcryptPrimitives.dll
0x00007ffb08930000 - 0x00007ffb0893a000 	C:\WINDOWS\SYSTEM32\VERSION.dll
0x00007ffb0e9d0000 - 0x00007ffb0e9fe000 	C:\WINDOWS\System32\IMM32.DLL
0x00007ffaf0280000 - 0x00007ffaf031b000 	C:\Program Files\Java\jdk-13.0.1\bin\msvcp140.dll
0x00007ffac3fb0000 - 0x00007ffac4b16000 	C:\Program Files\Java\jdk-13.0.1\bin\server\jvm.dll
0x00007ffb0f1e0000 - 0x00007ffb0f1e8000 	C:\WINDOWS\System32\PSAPI.DLL
0x00007ffaf9eb0000 - 0x00007ffaf9eb9000 	C:\WINDOWS\SYSTEM32\WSOCK32.dll
0x00007ffb0a0b0000 - 0x00007ffb0a0d4000 	C:\WINDOWS\SYSTEM32\WINMM.dll
0x00007ffb0df70000 - 0x00007ffb0dfdf000 	C:\WINDOWS\System32\WS2_32.dll
0x00007ffb09e60000 - 0x00007ffb09e8d000 	C:\WINDOWS\SYSTEM32\WINMMBASE.dll
0x00007ffb0cb50000 - 0x00007ffb0cb9a000 	C:\WINDOWS\System32\cfgmgr32.dll
0x00007ffb0c4b0000 - 0x00007ffb0c4c1000 	C:\WINDOWS\System32\kernel.appcore.dll
0x00007ffb05020000 - 0x00007ffb05030000 	C:\Program Files\Java\jdk-13.0.1\bin\verify.dll
0x00007ffb049f0000 - 0x00007ffb04be4000 	C:\WINDOWS\SYSTEM32\DBGHELP.DLL
0x00007ffb04990000 - 0x00007ffb049ba000 	C:\WINDOWS\SYSTEM32\dbgcore.DLL
0x00007ffafd5c0000 - 0x00007ffafd5e6000 	C:\Program Files\Java\jdk-13.0.1\bin\java.dll
0x00007ffb01a80000 - 0x00007ffb01a97000 	C:\Program Files\Java\jdk-13.0.1\bin\zip.dll
0x00007ffb05010000 - 0x00007ffb0501a000 	C:\Program Files\Java\jdk-13.0.1\bin\jimage.dll

dbghelp: loaded successfully - version: 4.0.5 - missing functions: none
symbol engine: initialized successfully - sym options: 0x614 - pdb path: .;C:\Program Files\Java\jdk-13.0.1\bin;C:\WINDOWS\SYSTEM32;C:\WINDOWS\WinSxS\amd64_microsoft.windows.common-controls_6595b64144ccf1df_6.0.18362.778_none_e6c6b761130d4fb8;C:\Program Files\Java\jdk-13.0.1\bin\server

VM Arguments:
jvm_args: -Dfile.encoding=Cp1252 
java_command: com.GameStudios.main.Game
java_class_path (initial): D:\Users\Usuario\eclipse-workspace\Game_01\bin
Launcher Type: SUN_STANDARD

[Global flags]
     intx CICompilerCount                          = 3                                         {product} {ergonomic}
     uint ConcGCThreads                            = 1                                         {product} {ergonomic}
     uint G1ConcRefinementThreads                  = 4                                         {product} {ergonomic}
   size_t G1HeapRegionSize                         = 1048576                                   {product} {ergonomic}
    uintx GCDrainStackTargetSize                   = 64                                        {product} {ergonomic}
   size_t InitialHeapSize                          = 134217728                                 {product} {ergonomic}
   size_t MarkStackSize                            = 4194304                                   {product} {ergonomic}
   size_t MaxHeapSize                              = 2139095040                                {product} {ergonomic}
   size_t MinHeapDeltaBytes                        = 1048576                                   {product} {ergonomic}
   size_t MinHeapSize                              = 8388608                                   {product} {ergonomic}
    uintx NonNMethodCodeHeapSize                   = 5830732                                {pd product} {ergonomic}
    uintx NonProfiledCodeHeapSize                  = 122913754                              {pd product} {ergonomic}
    uintx ProfiledCodeHeapSize                     = 122913754                              {pd product} {ergonomic}
    uintx ReservedCodeCacheSize                    = 251658240                              {pd product} {ergonomic}
     bool SegmentedCodeCache                       = true                                      {product} {ergonomic}
   size_t SoftMaxHeapSize                          = 2139095040                             {manageable} {ergonomic}
     bool UseCompressedClassPointers               = true                                 {lp64_product} {ergonomic}
     bool UseCompressedOops                        = true                                 {lp64_product} {ergonomic}
     bool UseG1GC                                  = true                                      {product} {ergonomic}
     bool UseLargePagesIndividualAllocation        = false                                  {pd product} {ergonomic}

Logging:
Log output configuration:
 #0: stdout all=warning uptime,level,tags
 #1: stderr all=off uptime,level,tags

Environment Variables:
PATH=C:/Program Files/Java/jdk-13.0.1/bin/server;C:/Program Files/Java/jdk-13.0.1/bin;C:\Program Files (x86)\Common Files\Oracle\Java\javapath;C:\ProgramData\Oracle\Java\javapath;C:\WINDOWS\system32;C:\WINDOWS;C:\WINDOWS\System32\Wbem;C:\WINDOWS\System32\WindowsPowerShell\v1.0\;C:\WINDOWS\System32\OpenSSH\;C:\Program Files (x86)\Windows Live\Shared;C:\Program Files (x86)\NVIDIA Corporation\PhysX\Common;%SystemRoot%\system32;%SystemRoot%;%SystemRoot%\System32\Wbem;%SYSTEMROOT%\System32\WindowsPowerShell\v1.0\;%SYSTEMROOT%\System32\OpenSSH\;C:\Users\Usuario\AppData\Local\Microsoft\WindowsApps;;C:\WINDOWS\System32;
USERNAME=Usuario
OS=Windows_NT
PROCESSOR_IDENTIFIER=Intel64 Family 6 Model 58 Stepping 9, GenuineIntel



---------------  S Y S T E M  ---------------

OS: Windows 10 , 64 bit Build 18362 (10.0.18362.778)

CPU:total 4 (initial active 4) (2 cores per cpu, 2 threads per core) family 6 model 58 stepping 9, cmov, cx8, fxsr, mmx, sse, sse2, sse3, ssse3, sse4.1, sse4.2, popcnt, avx, clmul, erms, ht, tsc, tscinvbit, tscinv

Memory: 4k page, system-wide physical 8155M (1263M free)
TotalPageFile size 19060M (AvailPageFile size 5M)
current process WorkingSet (physical memory assigned to process): 10M, peak: 10M
current process commit charge ("private bytes"): 51M, peak: 52M

vm_info: Java HotSpot(TM) 64-Bit Server VM (13.0.1+9) for windows-amd64 JRE (13.0.1+9), built on Oct  6 2019 12:37:49 by "mach5one" with unknown MS VC++:1916

END.
