#
# There is insufficient memory for the Java Runtime Environment to continue.
# Native memory allocation (malloc) failed to allocate 1048576 bytes for AllocateHeap
# Possible reasons:
#   The system is out of physical RAM or swap space
#   The process is running with CompressedOops enabled, and the Java Heap may be blocking the growth of the native heap
# Possible solutions:
#   Reduce memory load on the system
#   Increase physical memory or swap space
#   Check if swap backing store is full
#   Decrease Java heap size (-Xmx/-Xms)
#   Decrease number of Java threads
#   Decrease Java thread stack sizes (-Xss)
#   Set larger code cache with -XX:ReservedCodeCacheSize=
#   JVM is running with Unscaled Compressed Oops mode in which the Java heap is
#     placed in the first 4GB address space. The Java Heap base address is the
#     maximum limit for the native heap growth. Please use -XX:HeapBaseMinAddress
#     to set the Java Heap base and to place the Java Heap above 4GB virtual address.
# This output file may be truncated or incomplete.
#
#  Out of Memory Error (t:/workspace/open/src/hotspot/share/memory/allocation.cpp:45), pid=1836, tid=9596
#
# JRE version: Java(TM) SE Runtime Environment (13.0.1+9) (build 13.0.1+9)
# Java VM: Java HotSpot(TM) 64-Bit Server VM (13.0.1+9, mixed mode, sharing, tiered, compressed oops, g1 gc, windows-amd64)
# No core dump will be written. Minidumps are not enabled by default on client versions of Windows
#

---------------  S U M M A R Y ------------

Command Line: -Dfile.encoding=Cp1252 com.GameStudios.main.Game

Host: Intel(R) Core(TM) i3-3250 CPU @ 3.50GHz, 4 cores, 7G,  Windows 10 , 64 bit Build 18362 (10.0.18362.329)
Time: Mon Apr  6 20:59:38 2020 Hora oficial do Brasil elapsed time: 1 seconds (0d 0h 0m 1s)

---------------  T H R E A D  ---------------

Current thread (0x00000184e1aa5000):  VMThread "VM Thread" [stack: 0x00000032d5700000,0x00000032d5800000] [id=9596]

Stack: [0x00000032d5700000,0x00000032d5800000]
[error occurred during error reporting (printing stack bounds), id 0xc0000005, EXCEPTION_ACCESS_VIOLATION (0xc0000005) at pc=0x00000184cb8c10ad]

Native frames: (J=compiled Java code, j=interpreted, Vv=VM code, C=native code)
V  [jvm.dll+0x626eca]
V  [jvm.dll+0x772c6a]
V  [jvm.dll+0x77441f]
V  [jvm.dll+0x774985]
V  [jvm.dll+0x77493b]
V  [jvm.dll+0x6266ff]
C  [ntdll.dll+0x78636]
C  [ntdll.dll+0x6a0d6]
C  [ntdll.dll+0x9fe8e]
C  0x00000184cb8c10ad

VM_Operation (0x00000032d50fb9f0): CollectForMetadataAllocation, mode: safepoint, requested by thread 0x00000184c33bd800


---------------  P R O C E S S  ---------------

Threads class SMR info:
_java_thread_list=0x00000184e2ecd750, length=15, elements={
0x00000184c33bd800, 0x00000184e1aa9000, 0x00000184e1aac800, 0x00000184e1ac7800,
0x00000184e1ac8800, 0x00000184e1ac9800, 0x00000184e23ec800, 0x00000184e2457000,
0x00000184e250b000, 0x00000184e251b000, 0x00000184e275b000, 0x00000184e2762800,
0x00000184e276a000, 0x00000184e3101800, 0x00000184e3160000
}

Java Threads: ( => current thread )
  0x00000184c33bd800 JavaThread "main" [_thread_blocked, id=14952, stack(0x00000032d5000000,0x00000032d5100000)]
  0x00000184e1aa9000 JavaThread "Reference Handler" daemon [_thread_blocked, id=7704, stack(0x00000032d5800000,0x00000032d5900000)]
  0x00000184e1aac800 JavaThread "Finalizer" daemon [_thread_blocked, id=9296, stack(0x00000032d5900000,0x00000032d5a00000)]
  0x00000184e1ac7800 JavaThread "Signal Dispatcher" daemon [_thread_blocked, id=10528, stack(0x00000032d5a00000,0x00000032d5b00000)]
  0x00000184e1ac8800 JavaThread "Attach Listener" daemon [_thread_blocked, id=4040, stack(0x00000032d5b00000,0x00000032d5c00000)]
  0x00000184e1ac9800 JavaThread "C2 CompilerThread0" daemon [_thread_blocked, id=12412, stack(0x00000032d5c00000,0x00000032d5d00000)]
  0x00000184e23ec800 JavaThread "C1 CompilerThread0" daemon [_thread_blocked, id=8384, stack(0x00000032d5d00000,0x00000032d5e00000)]
  0x00000184e2457000 JavaThread "Sweeper thread" daemon [_thread_blocked, id=14692, stack(0x00000032d5e00000,0x00000032d5f00000)]
  0x00000184e250b000 JavaThread "Service Thread" daemon [_thread_blocked, id=1316, stack(0x00000032d5f00000,0x00000032d6000000)]
  0x00000184e251b000 JavaThread "Common-Cleaner" daemon [_thread_blocked, id=1584, stack(0x00000032d6100000,0x00000032d6200000)]
  0x00000184e275b000 JavaThread "Java2D Disposer" daemon [_thread_blocked, id=4188, stack(0x00000032d6200000,0x00000032d6300000)]
  0x00000184e2762800 JavaThread "AWT-Shutdown" [_thread_blocked, id=5236, stack(0x00000032d6300000,0x00000032d6400000)]
  0x00000184e276a000 JavaThread "AWT-Windows" daemon [_thread_in_native, id=9168, stack(0x00000032d6400000,0x00000032d6500000)]
  0x00000184e3101800 JavaThread "AWT-EventQueue-0" [_thread_blocked, id=12708, stack(0x00000032d6700000,0x00000032d6800000)]
  0x00000184e3160000 JavaThread "D3D Screen Updater" daemon [_thread_blocked, id=15308, stack(0x00000032d6800000,0x00000032d6900000)]

Other Threads:
=>0x00000184e1aa5000 VMThread "VM Thread" [stack: 0x00000032d5700000,0x00000032d5800000] [id=9596]
  0x00000184e2517800 WatcherThread [stack: 0x00000032d6000000,0x00000032d6100000] [id=13060]
  0x00000184c3401000 GCTaskThread "GC Thread#0" [stack: 0x00000032d5200000,0x00000032d5300000] [id=13548]
  0x00000184e3216800 GCTaskThread "GC Thread#1" [stack: 0x00000032d6900000,0x00000032d6a00000] [id=13108]
  0x00000184e3220800 GCTaskThread "GC Thread#2" [stack: 0x00000032d6a00000,0x00000032d6b00000] [id=12440]
  0x00000184e3205800 GCTaskThread "GC Thread#3" [stack: 0x00000032d6b00000,0x00000032d6c00000] [id=8260]
  0x00000184c3453800 ConcurrentGCThread "G1 Main Marker" [stack: 0x00000032d5300000,0x00000032d5400000] [id=11244]
  0x00000184c3455000 ConcurrentGCThread "G1 Conc#0" [stack: 0x00000032d5400000,0x00000032d5500000] [id=8908]
  0x00000184e1923800 ConcurrentGCThread "G1 Refine#0" [stack: 0x00000032d5500000,0x00000032d5600000] [id=2680]
  0x00000184e1926800 ConcurrentGCThread "G1 Young RemSet Sampling" [stack: 0x00000032d5600000,0x00000032d5700000] [id=992]

Threads with active compile tasks:
C1 CompilerThread0     1060  663       3       java.lang.invoke.MethodType$ConcurrentWeakInternSet::get (47 bytes)

VM state:at safepoint (normal execution)

VM Mutex/Monitor currently owned by a thread:  ([mutex/lock_event])
[0x00000184c33b99e0] Threads_lock - owner thread: 0x00000184e1aa5000
[0x00000184c33b9dd0] Heap_lock - owner thread: 0x00000184c33bd800

Heap address: 0x0000000080800000, size: 2040 MB, Compressed Oops mode: 32-bit
Narrow klass base: 0x0000000800000000, Narrow klass shift: 3
Compressed class space size: 1073741824 Address: 0x0000000800b40000

Heap:
 garbage-first heap   total 131072K, used 1886K [0x0000000080800000, 0x0000000100000000)
  region size 1024K, 2 young (2048K), 2 survivors (2048K)
 Metaspace       used 6839K, capacity 7036K, committed 7040K, reserved 1067008K
  class space    used 766K, capacity 892K, committed 896K, reserved 1048576K
Heap Regions: E=young(eden), S=young(survivor), O=old, HS=humongous(starts), HC=humongous(continues), CS=collection set, F=free, A=archive, TAMS=top-at-mark-start (previous, next)
|   0|0x0000000080800000, 0x0000000080800000, 0x0000000080900000|  0%| F|  |TAMS 0x0000000080800000, 0x0000000080800000| Untracked 
|   1|0x0000000080900000, 0x0000000080900000, 0x0000000080a00000|  0%| F|  |TAMS 0x0000000080900000, 0x0000000080900000| Untracked 
|   2|0x0000000080a00000, 0x0000000080a00000, 0x0000000080b00000|  0%| F|  |TAMS 0x0000000080a00000, 0x0000000080a00000| Untracked 
|   3|0x0000000080b00000, 0x0000000080b00000, 0x0000000080c00000|  0%| F|  |TAMS 0x0000000080b00000, 0x0000000080b00000| Untracked 
|   4|0x0000000080c00000, 0x0000000080c00000, 0x0000000080d00000|  0%| F|  |TAMS 0x0000000080c00000, 0x0000000080c00000| Untracked 
|   5|0x0000000080d00000, 0x0000000080d00000, 0x0000000080e00000|  0%| F|  |TAMS 0x0000000080d00000, 0x0000000080d00000| Untracked 
|   6|0x0000000080e00000, 0x0000000080e00000, 0x0000000080f00000|  0%| F|  |TAMS 0x0000000080e00000, 0x0000000080e00000| Untracked 
|   7|0x0000000080f00000, 0x0000000080f00000, 0x0000000081000000|  0%| F|  |TAMS 0x0000000080f00000, 0x0000000080f00000| Untracked 
|   8|0x0000000081000000, 0x0000000081000000, 0x0000000081100000|  0%| F|  |TAMS 0x0000000081000000, 0x0000000081000000| Untracked 
|   9|0x0000000081100000, 0x0000000081100000, 0x0000000081200000|  0%| F|  |TAMS 0x0000000081100000, 0x0000000081100000| Untracked 
|  10|0x0000000081200000, 0x0000000081200000, 0x0000000081300000|  0%| F|  |TAMS 0x0000000081200000, 0x0000000081200000| Untracked 
|  11|0x0000000081300000, 0x0000000081300000, 0x0000000081400000|  0%| F|  |TAMS 0x0000000081300000, 0x0000000081300000| Untracked 
|  12|0x0000000081400000, 0x0000000081400000, 0x0000000081500000|  0%| F|  |TAMS 0x0000000081400000, 0x0000000081400000| Untracked 
|  13|0x0000000081500000, 0x0000000081500000, 0x0000000081600000|  0%| F|  |TAMS 0x0000000081500000, 0x0000000081500000| Untracked 
|  14|0x0000000081600000, 0x0000000081600000, 0x0000000081700000|  0%| F|  |TAMS 0x0000000081600000, 0x0000000081600000| Untracked 
|  15|0x0000000081700000, 0x0000000081700000, 0x0000000081800000|  0%| F|  |TAMS 0x0000000081700000, 0x0000000081700000| Untracked 
|  16|0x0000000081800000, 0x0000000081800000, 0x0000000081900000|  0%| F|  |TAMS 0x0000000081800000, 0x0000000081800000| Untracked 
|  17|0x0000000081900000, 0x0000000081900000, 0x0000000081a00000|  0%| F|  |TAMS 0x0000000081900000, 0x0000000081900000| Untracked 
|  18|0x0000000081a00000, 0x0000000081a00000, 0x0000000081b00000|  0%| F|  |TAMS 0x0000000081a00000, 0x0000000081a00000| Untracked 
|  19|0x0000000081b00000, 0x0000000081b00000, 0x0000000081c00000|  0%| F|  |TAMS 0x0000000081b00000, 0x0000000081b00000| Untracked 
|  20|0x0000000081c00000, 0x0000000081c00000, 0x0000000081d00000|  0%| F|  |TAMS 0x0000000081c00000, 0x0000000081c00000| Untracked 
|  21|0x0000000081d00000, 0x0000000081d00000, 0x0000000081e00000|  0%| F|  |TAMS 0x0000000081d00000, 0x0000000081d00000| Untracked 
|  22|0x0000000081e00000, 0x0000000081e00000, 0x0000000081f00000|  0%| F|  |TAMS 0x0000000081e00000, 0x0000000081e00000| Untracked 
|  23|0x0000000081f00000, 0x0000000081f00000, 0x0000000082000000|  0%| F|  |TAMS 0x0000000081f00000, 0x0000000081f00000| Untracked 
|  24|0x0000000082000000, 0x0000000082000000, 0x0000000082100000|  0%| F|  |TAMS 0x0000000082000000, 0x0000000082000000| Untracked 
|  25|0x0000000082100000, 0x0000000082100000, 0x0000000082200000|  0%| F|  |TAMS 0x0000000082100000, 0x0000000082100000| Untracked 
|  26|0x0000000082200000, 0x0000000082200000, 0x0000000082300000|  0%| F|  |TAMS 0x0000000082200000, 0x0000000082200000| Untracked 
|  27|0x0000000082300000, 0x0000000082300000, 0x0000000082400000|  0%| F|  |TAMS 0x0000000082300000, 0x0000000082300000| Untracked 
|  28|0x0000000082400000, 0x0000000082400000, 0x0000000082500000|  0%| F|  |TAMS 0x0000000082400000, 0x0000000082400000| Untracked 
|  29|0x0000000082500000, 0x0000000082500000, 0x0000000082600000|  0%| F|  |TAMS 0x0000000082500000, 0x0000000082500000| Untracked 
|  30|0x0000000082600000, 0x0000000082600000, 0x0000000082700000|  0%| F|  |TAMS 0x0000000082600000, 0x0000000082600000| Untracked 
|  31|0x0000000082700000, 0x0000000082700000, 0x0000000082800000|  0%| F|  |TAMS 0x0000000082700000, 0x0000000082700000| Untracked 
|  32|0x0000000082800000, 0x0000000082800000, 0x0000000082900000|  0%| F|  |TAMS 0x0000000082800000, 0x0000000082800000| Untracked 
|  33|0x0000000082900000, 0x0000000082900000, 0x0000000082a00000|  0%| F|  |TAMS 0x0000000082900000, 0x0000000082900000| Untracked 
|  34|0x0000000082a00000, 0x0000000082a00000, 0x0000000082b00000|  0%| F|  |TAMS 0x0000000082a00000, 0x0000000082a00000| Untracked 
|  35|0x0000000082b00000, 0x0000000082b00000, 0x0000000082c00000|  0%| F|  |TAMS 0x0000000082b00000, 0x0000000082b00000| Untracked 
|  36|0x0000000082c00000, 0x0000000082c00000, 0x0000000082d00000|  0%| F|  |TAMS 0x0000000082c00000, 0x0000000082c00000| Untracked 
|  37|0x0000000082d00000, 0x0000000082d00000, 0x0000000082e00000|  0%| F|  |TAMS 0x0000000082d00000, 0x0000000082d00000| Untracked 
|  38|0x0000000082e00000, 0x0000000082e00000, 0x0000000082f00000|  0%| F|  |TAMS 0x0000000082e00000, 0x0000000082e00000| Untracked 
|  39|0x0000000082f00000, 0x0000000082f00000, 0x0000000083000000|  0%| F|  |TAMS 0x0000000082f00000, 0x0000000082f00000| Untracked 
|  40|0x0000000083000000, 0x0000000083000000, 0x0000000083100000|  0%| F|  |TAMS 0x0000000083000000, 0x0000000083000000| Untracked 
|  41|0x0000000083100000, 0x0000000083100000, 0x0000000083200000|  0%| F|  |TAMS 0x0000000083100000, 0x0000000083100000| Untracked 
|  42|0x0000000083200000, 0x0000000083200000, 0x0000000083300000|  0%| F|  |TAMS 0x0000000083200000, 0x0000000083200000| Untracked 
|  43|0x0000000083300000, 0x0000000083300000, 0x0000000083400000|  0%| F|  |TAMS 0x0000000083300000, 0x0000000083300000| Untracked 
|  44|0x0000000083400000, 0x0000000083400000, 0x0000000083500000|  0%| F|  |TAMS 0x0000000083400000, 0x0000000083400000| Untracked 
|  45|0x0000000083500000, 0x0000000083500000, 0x0000000083600000|  0%| F|  |TAMS 0x0000000083500000, 0x0000000083500000| Untracked 
|  46|0x0000000083600000, 0x0000000083600000, 0x0000000083700000|  0%| F|  |TAMS 0x0000000083600000, 0x0000000083600000| Untracked 
|  47|0x0000000083700000, 0x0000000083700000, 0x0000000083800000|  0%| F|  |TAMS 0x0000000083700000, 0x0000000083700000| Untracked 
|  48|0x0000000083800000, 0x0000000083800000, 0x0000000083900000|  0%| F|  |TAMS 0x0000000083800000, 0x0000000083800000| Untracked 
|  49|0x0000000083900000, 0x0000000083900000, 0x0000000083a00000|  0%| F|  |TAMS 0x0000000083900000, 0x0000000083900000| Untracked 
|  50|0x0000000083a00000, 0x0000000083a00000, 0x0000000083b00000|  0%| F|  |TAMS 0x0000000083a00000, 0x0000000083a00000| Untracked 
|  51|0x0000000083b00000, 0x0000000083b00000, 0x0000000083c00000|  0%| F|  |TAMS 0x0000000083b00000, 0x0000000083b00000| Untracked 
|  52|0x0000000083c00000, 0x0000000083c00000, 0x0000000083d00000|  0%| F|  |TAMS 0x0000000083c00000, 0x0000000083c00000| Untracked 
|  53|0x0000000083d00000, 0x0000000083d00000, 0x0000000083e00000|  0%| F|  |TAMS 0x0000000083d00000, 0x0000000083d00000| Untracked 
|  54|0x0000000083e00000, 0x0000000083e00000, 0x0000000083f00000|  0%| F|  |TAMS 0x0000000083e00000, 0x0000000083e00000| Untracked 
|  55|0x0000000083f00000, 0x0000000083f00000, 0x0000000084000000|  0%| F|  |TAMS 0x0000000083f00000, 0x0000000083f00000| Untracked 
|  56|0x0000000084000000, 0x0000000084000000, 0x0000000084100000|  0%| F|  |TAMS 0x0000000084000000, 0x0000000084000000| Untracked 
|  57|0x0000000084100000, 0x0000000084100000, 0x0000000084200000|  0%| F|  |TAMS 0x0000000084100000, 0x0000000084100000| Untracked 
|  58|0x0000000084200000, 0x0000000084200000, 0x0000000084300000|  0%| F|  |TAMS 0x0000000084200000, 0x0000000084200000| Untracked 
|  59|0x0000000084300000, 0x0000000084300000, 0x0000000084400000|  0%| F|  |TAMS 0x0000000084300000, 0x0000000084300000| Untracked 
|  60|0x0000000084400000, 0x0000000084400000, 0x0000000084500000|  0%| F|  |TAMS 0x0000000084400000, 0x0000000084400000| Untracked 
|  61|0x0000000084500000, 0x0000000084500000, 0x0000000084600000|  0%| F|  |TAMS 0x0000000084500000, 0x0000000084500000| Untracked 
|  62|0x0000000084600000, 0x0000000084600000, 0x0000000084700000|  0%| F|  |TAMS 0x0000000084600000, 0x0000000084600000| Untracked 
|  63|0x0000000084700000, 0x0000000084700000, 0x0000000084800000|  0%| F|  |TAMS 0x0000000084700000, 0x0000000084700000| Untracked 
|  64|0x0000000084800000, 0x0000000084800000, 0x0000000084900000|  0%| F|  |TAMS 0x0000000084800000, 0x0000000084800000| Untracked 
|  65|0x0000000084900000, 0x0000000084900000, 0x0000000084a00000|  0%| F|  |TAMS 0x0000000084900000, 0x0000000084900000| Untracked 
|  66|0x0000000084a00000, 0x0000000084a00000, 0x0000000084b00000|  0%| F|  |TAMS 0x0000000084a00000, 0x0000000084a00000| Untracked 
|  67|0x0000000084b00000, 0x0000000084b00000, 0x0000000084c00000|  0%| F|  |TAMS 0x0000000084b00000, 0x0000000084b00000| Untracked 
|  68|0x0000000084c00000, 0x0000000084c00000, 0x0000000084d00000|  0%| F|  |TAMS 0x0000000084c00000, 0x0000000084c00000| Untracked 
|  69|0x0000000084d00000, 0x0000000084d00000, 0x0000000084e00000|  0%| F|  |TAMS 0x0000000084d00000, 0x0000000084d00000| Untracked 
|  70|0x0000000084e00000, 0x0000000084e00000, 0x0000000084f00000|  0%| F|  |TAMS 0x0000000084e00000, 0x0000000084e00000| Untracked 
|  71|0x0000000084f00000, 0x0000000084f00000, 0x0000000085000000|  0%| F|  |TAMS 0x0000000084f00000, 0x0000000084f00000| Untracked 
|  72|0x0000000085000000, 0x0000000085000000, 0x0000000085100000|  0%| F|  |TAMS 0x0000000085000000, 0x0000000085000000| Untracked 
|  73|0x0000000085100000, 0x0000000085100000, 0x0000000085200000|  0%| F|  |TAMS 0x0000000085100000, 0x0000000085100000| Untracked 
|  74|0x0000000085200000, 0x0000000085200000, 0x0000000085300000|  0%| F|  |TAMS 0x0000000085200000, 0x0000000085200000| Untracked 
|  75|0x0000000085300000, 0x0000000085300000, 0x0000000085400000|  0%| F|  |TAMS 0x0000000085300000, 0x0000000085300000| Untracked 
|  76|0x0000000085400000, 0x0000000085400000, 0x0000000085500000|  0%| F|  |TAMS 0x0000000085400000, 0x0000000085400000| Untracked 
|  77|0x0000000085500000, 0x0000000085500000, 0x0000000085600000|  0%| F|  |TAMS 0x0000000085500000, 0x0000000085500000| Untracked 
|  78|0x0000000085600000, 0x0000000085600000, 0x0000000085700000|  0%| F|  |TAMS 0x0000000085600000, 0x0000000085600000| Untracked 
|  79|0x0000000085700000, 0x0000000085700000, 0x0000000085800000|  0%| F|  |TAMS 0x0000000085700000, 0x0000000085700000| Untracked 
|  80|0x0000000085800000, 0x0000000085800000, 0x0000000085900000|  0%| F|  |TAMS 0x0000000085800000, 0x0000000085800000| Untracked 
|  81|0x0000000085900000, 0x0000000085900000, 0x0000000085a00000|  0%| F|  |TAMS 0x0000000085900000, 0x0000000085900000| Untracked 
|  82|0x0000000085a00000, 0x0000000085a00000, 0x0000000085b00000|  0%| F|  |TAMS 0x0000000085a00000, 0x0000000085a00000| Untracked 
|  83|0x0000000085b00000, 0x0000000085b00000, 0x0000000085c00000|  0%| F|  |TAMS 0x0000000085b00000, 0x0000000085b00000| Untracked 
|  84|0x0000000085c00000, 0x0000000085c00000, 0x0000000085d00000|  0%| F|  |TAMS 0x0000000085c00000, 0x0000000085c00000| Untracked 
|  85|0x0000000085d00000, 0x0000000085d00000, 0x0000000085e00000|  0%| F|  |TAMS 0x0000000085d00000, 0x0000000085d00000| Untracked 
|  86|0x0000000085e00000, 0x0000000085e00000, 0x0000000085f00000|  0%| F|  |TAMS 0x0000000085e00000, 0x0000000085e00000| Untracked 
|  87|0x0000000085f00000, 0x0000000085f00000, 0x0000000086000000|  0%| F|  |TAMS 0x0000000085f00000, 0x0000000085f00000| Untracked 
|  88|0x0000000086000000, 0x0000000086000000, 0x0000000086100000|  0%| F|  |TAMS 0x0000000086000000, 0x0000000086000000| Untracked 
|  89|0x0000000086100000, 0x0000000086100000, 0x0000000086200000|  0%| F|  |TAMS 0x0000000086100000, 0x0000000086100000| Untracked 
|  90|0x0000000086200000, 0x0000000086200000, 0x0000000086300000|  0%| F|  |TAMS 0x0000000086200000, 0x0000000086200000| Untracked 
|  91|0x0000000086300000, 0x0000000086300000, 0x0000000086400000|  0%| F|  |TAMS 0x0000000086300000, 0x0000000086300000| Untracked 
|  92|0x0000000086400000, 0x0000000086400000, 0x0000000086500000|  0%| F|  |TAMS 0x0000000086400000, 0x0000000086400000| Untracked 
|  93|0x0000000086500000, 0x0000000086500000, 0x0000000086600000|  0%| F|  |TAMS 0x0000000086500000, 0x0000000086500000| Untracked 
|  94|0x0000000086600000, 0x0000000086600000, 0x0000000086700000|  0%| F|  |TAMS 0x0000000086600000, 0x0000000086600000| Untracked 
|  95|0x0000000086700000, 0x0000000086700000, 0x0000000086800000|  0%| F|  |TAMS 0x0000000086700000, 0x0000000086700000| Untracked 
|  96|0x0000000086800000, 0x0000000086800000, 0x0000000086900000|  0%| F|  |TAMS 0x0000000086800000, 0x0000000086800000| Untracked 
|  97|0x0000000086900000, 0x0000000086900000, 0x0000000086a00000|  0%| F|  |TAMS 0x0000000086900000, 0x0000000086900000| Untracked 
|  98|0x0000000086a00000, 0x0000000086a00000, 0x0000000086b00000|  0%| F|  |TAMS 0x0000000086a00000, 0x0000000086a00000| Untracked 
|  99|0x0000000086b00000, 0x0000000086b00000, 0x0000000086c00000|  0%| F|  |TAMS 0x0000000086b00000, 0x0000000086b00000| Untracked 
| 100|0x0000000086c00000, 0x0000000086c00000, 0x0000000086d00000|  0%| F|  |TAMS 0x0000000086c00000, 0x0000000086c00000| Untracked 
| 101|0x0000000086d00000, 0x0000000086d00000, 0x0000000086e00000|  0%| F|  |TAMS 0x0000000086d00000, 0x0000000086d00000| Untracked 
| 102|0x0000000086e00000, 0x0000000086e00000, 0x0000000086f00000|  0%| F|  |TAMS 0x0000000086e00000, 0x0000000086e00000| Untracked 
| 103|0x0000000086f00000, 0x0000000086f00000, 0x0000000087000000|  0%| F|  |TAMS 0x0000000086f00000, 0x0000000086f00000| Untracked 
| 104|0x0000000087000000, 0x0000000087000000, 0x0000000087100000|  0%| F|  |TAMS 0x0000000087000000, 0x0000000087000000| Untracked 
| 105|0x0000000087100000, 0x0000000087100000, 0x0000000087200000|  0%| F|  |TAMS 0x0000000087100000, 0x0000000087100000| Untracked 
| 106|0x0000000087200000, 0x0000000087200000, 0x0000000087300000|  0%| F|  |TAMS 0x0000000087200000, 0x0000000087200000| Untracked 
| 107|0x0000000087300000, 0x0000000087300000, 0x0000000087400000|  0%| F|  |TAMS 0x0000000087300000, 0x0000000087300000| Untracked 
| 108|0x0000000087400000, 0x0000000087400000, 0x0000000087500000|  0%| F|  |TAMS 0x0000000087400000, 0x0000000087400000| Untracked 
| 109|0x0000000087500000, 0x0000000087500000, 0x0000000087600000|  0%| F|  |TAMS 0x0000000087500000, 0x0000000087500000| Untracked 
| 110|0x0000000087600000, 0x0000000087600000, 0x0000000087700000|  0%| F|  |TAMS 0x0000000087600000, 0x0000000087600000| Untracked 
| 111|0x0000000087700000, 0x0000000087700000, 0x0000000087800000|  0%| F|  |TAMS 0x0000000087700000, 0x0000000087700000| Untracked 
| 112|0x0000000087800000, 0x0000000087800000, 0x0000000087900000|  0%| F|  |TAMS 0x0000000087800000, 0x0000000087800000| Untracked 
| 113|0x0000000087900000, 0x0000000087900000, 0x0000000087a00000|  0%| F|  |TAMS 0x0000000087900000, 0x0000000087900000| Untracked 
| 114|0x0000000087a00000, 0x0000000087a00000, 0x0000000087b00000|  0%| F|  |TAMS 0x0000000087a00000, 0x0000000087a00000| Untracked 
| 115|0x0000000087b00000, 0x0000000087b00000, 0x0000000087c00000|  0%| F|  |TAMS 0x0000000087b00000, 0x0000000087b00000| Untracked 
| 116|0x0000000087c00000, 0x0000000087c00000, 0x0000000087d00000|  0%| F|  |TAMS 0x0000000087c00000, 0x0000000087c00000| Untracked 
| 117|0x0000000087d00000, 0x0000000087d00000, 0x0000000087e00000|  0%| F|  |TAMS 0x0000000087d00000, 0x0000000087d00000| Untracked 
| 118|0x0000000087e00000, 0x0000000087e00000, 0x0000000087f00000|  0%| F|  |TAMS 0x0000000087e00000, 0x0000000087e00000| Untracked 
| 119|0x0000000087f00000, 0x0000000087f00000, 0x0000000088000000|  0%| F|  |TAMS 0x0000000087f00000, 0x0000000087f00000| Untracked 
| 120|0x0000000088000000, 0x00000000880d79e8, 0x0000000088100000| 84%| S|CS|TAMS 0x0000000088000000, 0x0000000088000000| Complete 
| 121|0x0000000088100000, 0x0000000088200000, 0x0000000088200000|100%| S|CS|TAMS 0x0000000088100000, 0x0000000088100000| Complete 
| 122|0x0000000088200000, 0x0000000088200000, 0x0000000088300000|  0%| F|  |TAMS 0x0000000088200000, 0x0000000088200000| Untracked 
| 123|0x0000000088300000, 0x0000000088300000, 0x0000000088400000|  0%| F|  |TAMS 0x0000000088300000, 0x0000000088300000| Untracked 
| 124|0x0000000088400000, 0x0000000088400000, 0x0000000088500000|  0%| F|  |TAMS 0x0000000088400000, 0x0000000088400000| Untracked 
| 125|0x0000000088500000, 0x0000000088500000, 0x0000000088600000|  0%| F|  |TAMS 0x0000000088500000, 0x0000000088500000| Untracked 
| 126|0x0000000088600000, 0x0000000088600000, 0x0000000088700000|  0%| F|  |TAMS 0x0000000088600000, 0x0000000088600000| Untracked 
| 127|0x0000000088700000, 0x0000000088700000, 0x0000000088800000|  0%| F|  |TAMS 0x0000000088700000, 0x0000000088700000| Untracked 

Card table byte_map: [0x00000184dacc0000,0x00000184db0c0000] _byte_map_base: 0x00000184da8bc000

Marking Bits (Prev, Next): (CMBitMap*) 0x00000184c3402998, (CMBitMap*) 0x00000184c34029d8
 Prev Bits: [0x00000184db4c0000, 0x00000184dd4a0000)
 Next Bits: [0x00000184dd4a0000, 0x00000184df480000)

Polling page: 0x00000184c1300000

Metaspace:

Usage:
  Non-class:      6.00 MB capacity,     5.93 MB ( 99%) used,    53.52 KB ( <1%) free+waste,    17.06 KB ( <1%) overhead. 
      Class:    892.00 KB capacity,   766.43 KB ( 86%) used,   113.45 KB ( 13%) free+waste,    12.13 KB (  1%) overhead. 
       Both:      6.87 MB capacity,     6.68 MB ( 97%) used,   166.96 KB (  2%) free+waste,    29.19 KB ( <1%) overhead. 

Virtual space:
  Non-class space:       18.00 MB reserved,       6.00 MB ( 33%) committed 
      Class space:        1.00 GB reserved,     896.00 KB ( <1%) committed 
             Both:        1.02 GB reserved,       6.88 MB ( <1%) committed 

Chunk freelists:
   Non-Class:  0 bytes
       Class:  4.00 KB
        Both:  4.00 KB

MaxMetaspaceSize: 17179869184.00 GB
CompressedClassSpaceSize: 1.00 GB

CodeHeap 'non-profiled nmethods': size=120064Kb used=187Kb max_used=187Kb free=119876Kb
 bounds [0x00000184d3380000, 0x00000184d35f0000, 0x00000184da8c0000]
CodeHeap 'profiled nmethods': size=120000Kb used=1054Kb max_used=1054Kb free=118946Kb
 bounds [0x00000184cbe50000, 0x00000184cc0c0000, 0x00000184d3380000]
CodeHeap 'non-nmethods': size=5696Kb used=1261Kb max_used=1273Kb free=4434Kb
 bounds [0x00000184cb8c0000, 0x00000184cbb30000, 0x00000184cbe50000]
 total_blobs=1555 nmethods=657 adapters=447
 compilation: enabled
              stopped_count=0, restarted_count=0
 full_count=0

Compilation events (20 events):
Event: 1.023 Thread 0x00000184e23ec800 nmethod 647 0x00000184cbf4d490 code [0x00000184cbf4d700, 0x00000184cbf4e4d0]
Event: 1.023 Thread 0x00000184e23ec800  648       3       java.lang.StringCoding::deref (19 bytes)
Event: 1.023 Thread 0x00000184e23ec800 nmethod 648 0x00000184cbf4e890 code [0x00000184cbf4ea60, 0x00000184cbf4ee80]
Event: 1.023 Thread 0x00000184e23ec800  649       3       java.security.MessageDigest::update (14 bytes)
Event: 1.023 Thread 0x00000184e23ec800 nmethod 649 0x00000184cbf4ef90 code [0x00000184cbf4f140, 0x00000184cbf4f3b0]
Event: 1.023 Thread 0x00000184e23ec800  650       3       sun.nio.fs.WindowsPath::<init> (26 bytes)
Event: 1.024 Thread 0x00000184e1ac9800  651       4       java.lang.Integer::reverseBytes (28 bytes)
Event: 1.024 Thread 0x00000184e23ec800 nmethod 650 0x00000184cbf4f490 code [0x00000184cbf4f640, 0x00000184cbf4f998]
Event: 1.024 Thread 0x00000184e23ec800  652       3       java.lang.String::substring (68 bytes)
Event: 1.024 Thread 0x00000184e1ac9800 nmethod 651 0x00000184d33ae310 code [0x00000184d33ae480, 0x00000184d33ae4f8]
Event: 1.024 Thread 0x00000184e23ec800 nmethod 652 0x00000184cbf4fa90 code [0x00000184cbf4fcc0, 0x00000184cbf504a0]
Event: 1.025 Thread 0x00000184e23ec800  653       3       sun.security.provider.SHA::implCompress0 (482 bytes)
Event: 1.025 Thread 0x00000184e23ec800 nmethod 653 0x00000184cbf50710 code [0x00000184cbf50920, 0x00000184cbf51258]
Event: 1.026 Thread 0x00000184e1ac9800  654       4       jdk.internal.misc.Unsafe::getInt (7 bytes)
Event: 1.026 Thread 0x00000184e1ac9800 nmethod 654 0x00000184d33ae610 code [0x00000184d33ae7a0, 0x00000184d33ae818]
Event: 1.027 Thread 0x00000184e23ec800  655       3       sun.nio.fs.WindowsPathParser::parse (384 bytes)
Event: 1.031 Thread 0x00000184e1ac9800  662       4       jdk.internal.misc.Unsafe::getLong (7 bytes)
Event: 1.032 Thread 0x00000184e1ac9800 nmethod 662 0x00000184d33ae910 code [0x00000184d33aeaa0, 0x00000184d33aeb18]
Event: 1.033 Thread 0x00000184e23ec800 nmethod 655 0x00000184cbf51710 code [0x00000184cbf51e60, 0x00000184cbf56070]
Event: 1.033 Thread 0x00000184e23ec800  663       3       java.lang.invoke.MethodType$ConcurrentWeakInternSet::get (47 bytes)

GC Heap History (2 events):
Event: 1.034 GC heap before
{Heap before GC invocations=0 (full 0):
 garbage-first heap   total 131072K, used 5120K [0x0000000080800000, 0x0000000100000000)
  region size 1024K, 6 young (6144K), 0 survivors (0K)
 Metaspace       used 6839K, capacity 7036K, committed 7040K, reserved 1064960K
  class space    used 766K, capacity 892K, committed 896K, reserved 1048576K
}
Event: 1.040 GC heap after
{Heap after GC invocations=1 (full 0):
 garbage-first heap   total 131072K, used 1886K [0x0000000080800000, 0x0000000100000000)
  region size 1024K, 2 young (2048K), 2 survivors (2048K)
 Metaspace       used 6839K, capacity 7036K, committed 7040K, reserved 1064960K
  class space    used 766K, capacity 892K, committed 896K, reserved 1048576K
}

Deoptimization events (8 events):
Event: 0.151 Thread 0x00000184c33bd800 Uncommon trap: trap_request=0xffffff45 fr.pc=0x00000184d33842bc relative=0x000000000000019c
Event: 0.151 Thread 0x00000184c33bd800 Uncommon trap: reason=unstable_if action=reinterpret pc=0x00000184d33842bc method=java.lang.String.hashCode()I @ 42 c2
Event: 0.151 Thread 0x00000184c33bd800 DEOPT PACKING pc=0x00000184d33842bc sp=0x00000032d50fde90
Event: 0.151 Thread 0x00000184c33bd800 DEOPT UNPACKING pc=0x00000184cb90912f sp=0x00000032d50fde28 mode 2
Event: 0.700 Thread 0x00000184c33bd800 Uncommon trap: trap_request=0xffffffe5 fr.pc=0x00000184d339cd08 relative=0x0000000000000168
Event: 0.700 Thread 0x00000184c33bd800 Uncommon trap: reason=range_check action=reinterpret pc=0x00000184d339cd08 method=java.lang.StringLatin1.indexOf([BII)I @ 13 c2
Event: 0.700 Thread 0x00000184c33bd800 DEOPT PACKING pc=0x00000184d339cd08 sp=0x00000032d50fc4d0
Event: 0.700 Thread 0x00000184c33bd800 DEOPT UNPACKING pc=0x00000184cb90912f sp=0x00000032d50fc450 mode 2

Classes unloaded (0 events):
No events

Classes redefined (0 events):
No events

Internal exceptions (14 events):
Event: 0.215 Thread 0x00000184c33bd800 Exception <a 'java/lang/ClassNotFoundException'{0x0000000088613458}: sun/awt/resources/spi/awtProvider> (0x0000000088613458) 
thrown [t:/workspace/open/src/hotspot/share/classfile/systemDictionary.cpp, line 232]
Event: 0.273 Thread 0x00000184c33bd800 Exception <a 'java/io/FileNotFoundException'{0x0000000088668520}> (0x0000000088668520) 
thrown [t:/workspace/open/src/hotspot/share/prims/jni.cpp, line 598]
Event: 0.286 Thread 0x00000184c33bd800 Exception <a 'java/io/FileNotFoundException'{0x000000008868ebd8}> (0x000000008868ebd8) 
thrown [t:/workspace/open/src/hotspot/share/prims/jni.cpp, line 598]
Event: 0.425 Thread 0x00000184e276a000 Exception <a 'java/lang/NoSuchMethodError'{0x0000000088505168}: 'void java.lang.invoke.DirectMethodHandle$Holder.invokeSpecial(java.lang.Object, java.lang.Object)'> (0x0000000088505168) 
thrown [t:/workspace/open/src/hotspot/share/interpreter/linkResolver.cpp, line 767]
Event: 0.603 Thread 0x00000184c33bd800 Exception <a 'java/lang/NoSuchMethodError'{0x000000008859b5b0}: 'java.lang.Object java.lang.invoke.DirectMethodHandle$Holder.invokeStatic(java.lang.Object, int, java.lang.Object, java.lang.Object, java.lang.Object, java.lang.Object)'> (0x000000008859b5b0) 
thrown [t:/workspace/open/src/hotspot/share/interpreter/linkResolver.cpp, line 767]
Event: 0.603 Thread 0x00000184c33bd800 Exception <a 'java/lang/NoSuchMethodError'{0x00000000885a1f10}: 'java.lang.Object java.lang.invoke.DirectMethodHandle$Holder.invokeStatic(java.lang.Object, int, java.lang.Object, java.lang.Object, java.lang.Object)'> (0x00000000885a1f10) 
thrown [t:/workspace/open/src/hotspot/share/interpreter/linkResolver.cpp, line 767]
Event: 0.604 Thread 0x00000184c33bd800 Exception <a 'java/lang/NoSuchMethodError'{0x00000000885a5778}: 'java.lang.Object java.lang.invoke.DirectMethodHandle$Holder.invokeSpecial(java.lang.Object, java.lang.Object, int, java.lang.Object, java.lang.Object, java.lang.Object)'> (0x00000000885a5778) 
thrown [t:/workspace/open/src/hotspot/share/interpreter/linkResolver.cpp, line 767]
Event: 0.607 Thread 0x00000184c33bd800 Exception <a 'java/lang/NoSuchMethodError'{0x00000000885bba00}: 'java.lang.Object java.lang.invoke.DirectMethodHandle$Holder.invokeStatic(java.lang.Object, int, java.lang.Object)'> (0x00000000885bba00) 
thrown [t:/workspace/open/src/hotspot/share/interpreter/linkResolver.cpp, line 767]
Event: 0.632 Thread 0x00000184c33bd800 Exception <a 'java/lang/ClassNotFoundException'{0x000000008845f590}: com/sun/swing/internal/plaf/metal/resources/spi/metalProvider> (0x000000008845f590) 
thrown [t:/workspace/open/src/hotspot/share/classfile/systemDictionary.cpp, line 232]
Event: 0.633 Thread 0x00000184c33bd800 Exception <a 'java/lang/ClassNotFoundException'{0x00000000884638b8}: com/sun/swing/internal/plaf/basic/resources/spi/basicProvider> (0x00000000884638b8) 
thrown [t:/workspace/open/src/hotspot/share/classfile/systemDictionary.cpp, line 232]
Event: 0.671 Thread 0x00000184c33bd800 Exception <a 'java/lang/NoSuchMethodError'{0x000000008849df10}: 'void java.lang.invoke.DirectMethodHandle$Holder.invokeStaticInit(java.lang.Object)'> (0x000000008849df10) 
thrown [t:/workspace/open/src/hotspot/share/interpreter/linkResolver.cpp, line 767]
Event: 0.710 Thread 0x00000184c33bd800 Exception <a 'java/lang/NoSuchMethodError'{0x000000008831ccd8}: 'java.lang.Object java.lang.invoke.Invokers$Holder.linkToTargetMethod(java.lang.Object, int, java.lang.Object)'> (0x000000008831ccd8) 
thrown [t:/workspace/open/src/hotspot/share/interpreter/linkResolver.cpp, line 767]
Event: 0.790 Thread 0x00000184c33bd800 Exception <a 'java/lang/NoSuchMethodError'{0x00000000883e42c0}: 'java.lang.Object java.lang.invoke.DirectMethodHandle$Holder.invokeStaticInit(java.lang.Object, int, int, int, int)'> (0x00000000883e42c0) 
thrown [t:/workspace/open/src/hotspot/share/interpreter/linkResolver.cpp, line 767]
Event: 1.033 Thread 0x00000184c33bd800 Exception <a 'java/lang/NoSuchMethodError'{0x0000000088244908}: 'java.lang.Object java.lang.invoke.DirectMethodHandle$Holder.invokeStaticInit(java.lang.Object, java.lang.Object, int, int, int, int)'> (0x0000000088244908) 
thrown [t:/workspace/open/src/hotspot/share/interpreter/linkResolver.cpp, line 767]

Events (20 events):
Event: 0.802 Executing VM operation: Deoptimize
Event: 0.802 Executing VM operation: Deoptimize done
Event: 0.994 loading class java/net/NetworkInterface$2
Event: 0.994 loading class java/net/NetworkInterface$2 done
Event: 1.008 loading class java/nio/file/Files$AcceptAllFilter
Event: 1.008 loading class java/nio/file/DirectoryStream$Filter
Event: 1.008 loading class java/nio/file/DirectoryStream$Filter done
Event: 1.008 loading class java/nio/file/Files$AcceptAllFilter done
Event: 1.008 loading class sun/nio/fs/WindowsDirectoryStream
Event: 1.008 loading class java/nio/file/DirectoryStream
Event: 1.008 loading class java/nio/file/DirectoryStream done
Event: 1.008 loading class sun/nio/fs/WindowsDirectoryStream done
Event: 1.010 Loaded shared library C:\Program Files\Java\jdk-13.0.1\bin\nio.dll
Event: 1.011 loading class sun/nio/fs/WindowsDirectoryStream$WindowsDirectoryIterator
Event: 1.011 loading class sun/nio/fs/WindowsDirectoryStream$WindowsDirectoryIterator done
Event: 1.012 loading class sun/nio/fs/WindowsPath$WindowsPathWithAttributes
Event: 1.012 loading class sun/nio/fs/BasicFileAttributesHolder
Event: 1.012 loading class sun/nio/fs/BasicFileAttributesHolder done
Event: 1.012 loading class sun/nio/fs/WindowsPath$WindowsPathWithAttributes done
Event: 1.033 Executing VM operation: CollectForMetadataAllocation


Dynamic libraries:
0x00007ff6deb70000 - 0x00007ff6deb7f000 	C:\Program Files\Java\jdk-13.0.1\bin\javaw.exe
0x00007fff04860000 - 0x00007fff04a50000 	C:\WINDOWS\SYSTEM32\ntdll.dll
0x00007fff03ac0000 - 0x00007fff03b72000 	C:\WINDOWS\System32\KERNEL32.DLL
0x00007fff021f0000 - 0x00007fff02493000 	C:\WINDOWS\System32\KERNELBASE.dll
0x00007fff024a0000 - 0x00007fff0259a000 	C:\WINDOWS\System32\ucrtbase.dll
0x00007ffefb800000 - 0x00007ffefb818000 	C:\Program Files\Java\jdk-13.0.1\bin\jli.dll
0x00007fff03630000 - 0x00007fff036d3000 	C:\WINDOWS\System32\ADVAPI32.dll
0x00007fff03a20000 - 0x00007fff03abe000 	C:\WINDOWS\System32\msvcrt.dll
0x00007fff02df0000 - 0x00007fff02e87000 	C:\WINDOWS\System32\sechost.dll
0x00007fff036f0000 - 0x00007fff03810000 	C:\WINDOWS\System32\RPCRT4.dll
0x00007fff03dc0000 - 0x00007fff03f54000 	C:\WINDOWS\System32\USER32.dll
0x00007fff02860000 - 0x00007fff02881000 	C:\WINDOWS\System32\win32u.dll
0x00007ffefb7e0000 - 0x00007ffefb7f5000 	C:\Program Files\Java\jdk-13.0.1\bin\VCRUNTIME140.dll
0x00007fff03870000 - 0x00007fff03896000 	C:\WINDOWS\System32\GDI32.dll
0x00007fff025a0000 - 0x00007fff02734000 	C:\WINDOWS\System32\gdi32full.dll
0x00007fff02770000 - 0x00007fff0280e000 	C:\WINDOWS\System32\msvcp_win.dll
0x00007ffef88f0000 - 0x00007ffef8b75000 	C:\WINDOWS\WinSxS\amd64_microsoft.windows.common-controls_6595b64144ccf1df_6.0.18362.720_none_e6beb5c51314836b\COMCTL32.dll
0x00007fff044e0000 - 0x00007fff04816000 	C:\WINDOWS\System32\combase.dll
0x00007fff02170000 - 0x00007fff021f0000 	C:\WINDOWS\System32\bcryptPrimitives.dll
0x00007ffefd0b0000 - 0x00007ffefd0ba000 	C:\WINDOWS\SYSTEM32\VERSION.dll
0x00007fff03b80000 - 0x00007fff03bae000 	C:\WINDOWS\System32\IMM32.DLL
0x00007ffee6110000 - 0x00007ffee61ab000 	C:\Program Files\Java\jdk-13.0.1\bin\msvcp140.dll
0x00007ffec1190000 - 0x00007ffec1cf6000 	C:\Program Files\Java\jdk-13.0.1\bin\server\jvm.dll
0x00007fff036e0000 - 0x00007fff036e8000 	C:\WINDOWS\System32\PSAPI.DLL
0x00007ffeeead0000 - 0x00007ffeeead9000 	C:\WINDOWS\SYSTEM32\WSOCK32.dll
0x00007fff02910000 - 0x00007fff0297f000 	C:\WINDOWS\System32\WS2_32.dll
0x00007ffeff150000 - 0x00007ffeff174000 	C:\WINDOWS\SYSTEM32\WINMM.dll
0x00007ffeff0e0000 - 0x00007ffeff10d000 	C:\WINDOWS\SYSTEM32\WINMMBASE.dll
0x00007fff02810000 - 0x00007fff0285a000 	C:\WINDOWS\System32\cfgmgr32.dll
0x00007fff01730000 - 0x00007fff01741000 	C:\WINDOWS\System32\kernel.appcore.dll
0x00007ffeff380000 - 0x00007ffeff390000 	C:\Program Files\Java\jdk-13.0.1\bin\verify.dll
0x00007ffeee490000 - 0x00007ffeee684000 	C:\WINDOWS\SYSTEM32\DBGHELP.DLL
0x00007ffeed910000 - 0x00007ffeed93a000 	C:\WINDOWS\SYSTEM32\dbgcore.DLL
0x00007ffefbe10000 - 0x00007ffefbe36000 	C:\Program Files\Java\jdk-13.0.1\bin\java.dll
0x00007ffefbc50000 - 0x00007ffefbc67000 	C:\Program Files\Java\jdk-13.0.1\bin\zip.dll
0x00007ffefdae0000 - 0x00007ffefdaea000 	C:\Program Files\Java\jdk-13.0.1\bin\jimage.dll
0x00007fff02f40000 - 0x00007fff03625000 	C:\WINDOWS\System32\SHELL32.dll
0x00007fff03970000 - 0x00007fff03a19000 	C:\WINDOWS\System32\shcore.dll
0x00007fff017f0000 - 0x00007fff01f70000 	C:\WINDOWS\System32\windows.storage.dll
0x00007fff01750000 - 0x00007fff01773000 	C:\WINDOWS\System32\profapi.dll
0x00007fff017a0000 - 0x00007fff017ea000 	C:\WINDOWS\System32\powrprof.dll
0x00007fff01720000 - 0x00007fff01730000 	C:\WINDOWS\System32\UMPDC.dll
0x00007fff03f60000 - 0x00007fff03fb2000 	C:\WINDOWS\System32\shlwapi.dll
0x00007fff028f0000 - 0x00007fff02907000 	C:\WINDOWS\System32\cryptsp.dll
0x00007ffed6290000 - 0x00007ffed6429000 	C:\Program Files\Java\jdk-13.0.1\bin\awt.dll
0x00007fff038a0000 - 0x00007fff03964000 	C:\WINDOWS\System32\OLEAUT32.dll
0x00007ffefe460000 - 0x00007ffefea20000 	C:\WINDOWS\SYSTEM32\d2d1.dll
0x00007ffeff9d0000 - 0x00007ffeffa5f000 	C:\WINDOWS\SYSTEM32\apphelp.dll
0x00007ffefffd0000 - 0x00007ffeffffd000 	C:\WINDOWS\system32\DWMAPI.DLL
0x00007ffeffaa0000 - 0x00007ffeffb39000 	C:\WINDOWS\system32\uxtheme.dll
0x00007ffed49d0000 - 0x00007ffed4b26000 	C:\WINDOWS\system32\opengl32.dll
0x00007ffef7150000 - 0x00007ffef717c000 	C:\WINDOWS\SYSTEM32\GLU32.dll
0x00007fff00390000 - 0x00007fff003b0000 	C:\WINDOWS\SYSTEM32\dxcore.dll
0x00007fff03c80000 - 0x00007fff03db6000 	C:\WINDOWS\System32\MSCTF.dll
0x00007fff04370000 - 0x00007fff044c7000 	C:\WINDOWS\System32\ole32.dll
0x00007ffefaa20000 - 0x00007ffefabe7000 	C:\WINDOWS\system32\d3d9.dll
0x00007ffef5630000 - 0x00007ffef571f000 	C:\WINDOWS\System32\DriverStore\FileRepository\nv_desktop_ref4i.inf_amd64_462657f76ab86475\nvldumdx.dll
0x00007fff02020000 - 0x00007fff02169000 	C:\WINDOWS\System32\crypt32.dll
0x00007fff01780000 - 0x00007fff01792000 	C:\WINDOWS\System32\MSASN1.dll
0x00007fff02890000 - 0x00007fff028ec000 	C:\WINDOWS\System32\WINTRUST.DLL
0x00007fff03fc0000 - 0x00007fff03fdd000 	C:\WINDOWS\System32\imagehlp.dll
0x00007fff00aa0000 - 0x00007fff00ad3000 	C:\WINDOWS\system32\rsaenh.dll
0x00007fff02740000 - 0x00007fff02766000 	C:\WINDOWS\System32\bcrypt.dll
0x00007fff01100000 - 0x00007fff0110c000 	C:\WINDOWS\SYSTEM32\CRYPTBASE.dll
0x00007ffebfc80000 - 0x00007ffec1183000 	C:\WINDOWS\System32\DriverStore\FileRepository\nv_desktop_ref4i.inf_amd64_462657f76ab86475\nvd3dumx.dll
0x00007ffed5880000 - 0x00007ffed5ac4000 	C:\WINDOWS\system32\nvspcap64.dll
0x00007fff00780000 - 0x00007fff007b1000 	C:\WINDOWS\SYSTEM32\ntmarta.dll
0x00007ffefd080000 - 0x00007ffefd0af000 	C:\WINDOWS\SYSTEM32\cryptnet.dll
0x00007fff00340000 - 0x00007fff00362000 	C:\WINDOWS\SYSTEM32\gpapi.dll
0x00007ffee5f20000 - 0x00007ffee5fa2000 	C:\Program Files\Java\jdk-13.0.1\bin\freetype.dll
0x00007ffee2d90000 - 0x00007ffee2e36000 	C:\Program Files\Java\jdk-13.0.1\bin\fontmanager.dll
0x00007ffefa6c0000 - 0x00007ffefa75e000 	C:\WINDOWS\System32\TextInputFramework.dll
0x00007ffefa390000 - 0x00007ffefa6ba000 	C:\WINDOWS\System32\CoreUIComponents.dll
0x00007ffeff7c0000 - 0x00007ffeff894000 	C:\WINDOWS\System32\CoreMessaging.dll
0x00007ffefd690000 - 0x00007ffefd7e3000 	C:\WINDOWS\SYSTEM32\wintypes.dll
0x00007ffef80c0000 - 0x00007ffef8366000 	C:\WINDOWS\System32\iertutil.dll
0x00007fff01640000 - 0x00007fff01665000 	C:\WINDOWS\SYSTEM32\USERENV.dll
0x00007ffefbc30000 - 0x00007ffefbc49000 	C:\Program Files\Java\jdk-13.0.1\bin\net.dll
0x00007ffefa8d0000 - 0x00007ffefa9c1000 	C:\WINDOWS\SYSTEM32\WINHTTP.dll
0x00007fff00f30000 - 0x00007fff00f97000 	C:\WINDOWS\system32\mswsock.dll
0x00007fff00c40000 - 0x00007fff00c7a000 	C:\WINDOWS\SYSTEM32\IPHLPAPI.DLL
0x00007fff044d0000 - 0x00007fff044d8000 	C:\WINDOWS\System32\NSI.dll
0x00007ffefcac0000 - 0x00007ffefcad6000 	C:\WINDOWS\SYSTEM32\dhcpcsvc6.DLL
0x00007ffefce10000 - 0x00007ffefce2c000 	C:\WINDOWS\SYSTEM32\dhcpcsvc.DLL
0x00007fff00c80000 - 0x00007fff00d4a000 	C:\WINDOWS\SYSTEM32\DNSAPI.dll
0x00007ffefb820000 - 0x00007ffefb833000 	C:\Program Files\Java\jdk-13.0.1\bin\nio.dll

dbghelp: loaded successfully - version: 4.0.5 - missing functions: none
symbol engine: initialized successfully - sym options: 0x614 - pdb path: .;C:\Program Files\Java\jdk-13.0.1\bin;C:\WINDOWS\SYSTEM32;C:\WINDOWS\WinSxS\amd64_microsoft.windows.common-controls_6595b64144ccf1df_6.0.18362.720_none_e6beb5c51314836b;C:\Program Files\Java\jdk-13.0.1\bin\server;C:\WINDOWS\System32\DriverStore\FileRepository\nv_desktop_ref4i.inf_amd64_462657f76ab86475

VM Arguments:
jvm_args: -Dfile.encoding=Cp1252 
java_command: com.GameStudios.main.Game
java_class_path (initial): D:\Users\Usuario\eclipse-workspace\Game_01\bin
Launcher Type: SUN_STANDARD

[Global flags]
     intx CICompilerCount                          = 3                                         {product} {ergonomic}
     uint ConcGCThreads                            = 1                                         {product} {ergonomic}
     uint G1ConcRefinementThreads                  = 4                                         {product} {ergonomic}
   size_t G1HeapRegionSize                         = 1048576                                   {product} {ergonomic}
    uintx GCDrainStackTargetSize                   = 64                                        {product} {ergonomic}
   size_t InitialHeapSize                          = 134217728                                 {product} {ergonomic}
   size_t MarkStackSize                            = 4194304                                   {product} {ergonomic}
   size_t MaxHeapSize                              = 2139095040                                {product} {ergonomic}
   size_t MaxNewSize                               = 1283457024                                {product} {ergonomic}
   size_t MinHeapDeltaBytes                        = 1048576                                   {product} {ergonomic}
   size_t MinHeapSize                              = 8388608                                   {product} {ergonomic}
    uintx NonNMethodCodeHeapSize                   = 5830732                                {pd product} {ergonomic}
    uintx NonProfiledCodeHeapSize                  = 122913754                              {pd product} {ergonomic}
    uintx ProfiledCodeHeapSize                     = 122913754                              {pd product} {ergonomic}
    uintx ReservedCodeCacheSize                    = 251658240                              {pd product} {ergonomic}
     bool SegmentedCodeCache                       = true                                      {product} {ergonomic}
   size_t SoftMaxHeapSize                          = 2139095040                             {manageable} {ergonomic}
     bool UseCompressedClassPointers               = true                                 {lp64_product} {ergonomic}
     bool UseCompressedOops                        = true                                 {lp64_product} {ergonomic}
     bool UseG1GC                                  = true                                      {product} {ergonomic}
     bool UseLargePagesIndividualAllocation        = false                                  {pd product} {ergonomic}

Logging:
Log output configuration:
 #0: stdout all=warning uptime,level,tags
 #1: stderr all=off uptime,level,tags

Environment Variables:
PATH=C:/Program Files/Java/jdk-13.0.1/bin/server;C:/Program Files/Java/jdk-13.0.1/bin;C:\Program Files (x86)\Common Files\Oracle\Java\javapath;C:\ProgramData\Oracle\Java\javapath;C:\WINDOWS\system32;C:\WINDOWS;C:\WINDOWS\System32\Wbem;C:\WINDOWS\System32\WindowsPowerShell\v1.0\;C:\WINDOWS\System32\OpenSSH\;C:\Program Files (x86)\Windows Live\Shared;C:\Program Files (x86)\NVIDIA Corporation\PhysX\Common;%SystemRoot%\system32;%SystemRoot%;%SystemRoot%\System32\Wbem;%SYSTEMROOT%\System32\WindowsPowerShell\v1.0\;%SYSTEMROOT%\System32\OpenSSH\;C:\Users\Usuario\AppData\Local\Microsoft\WindowsApps;;C:\WINDOWS\System32;
USERNAME=Usuario
OS=Windows_NT
PROCESSOR_IDENTIFIER=Intel64 Family 6 Model 58 Stepping 9, GenuineIntel



---------------  S Y S T E M  ---------------

OS: Windows 10 , 64 bit Build 18362 (10.0.18362.329)

CPU:total 4 (initial active 4) (2 cores per cpu, 2 threads per core) family 6 model 58 stepping 9, cmov, cx8, fxsr, mmx, sse, sse2, sse3, ssse3, sse4.1, sse4.2, popcnt, avx, clmul, erms, ht, tsc, tscinvbit, tscinv

Memory: 4k page, system-wide physical 8155M (2367M free)
TotalPageFile size 17875M (AvailPageFile size 4M)
current process WorkingSet (physical memory assigned to process): 67M, peak: 67M
current process commit charge ("private bytes"): 231M, peak: 232M

vm_info: Java HotSpot(TM) 64-Bit Server VM (13.0.1+9) for windows-amd64 JRE (13.0.1+9), built on Oct  6 2019 12:37:49 by "mach5one" with unknown MS VC++:1916

END.
