#
# There is insufficient memory for the Java Runtime Environment to continue.
# Native memory allocation (mmap) failed to map 134217728 bytes for Failed to commit area from 0x0000000080800000 to 0x0000000088800000 of length 134217728.
# Possible reasons:
#   The system is out of physical RAM or swap space
#   The process is running with CompressedOops enabled, and the Java Heap may be blocking the growth of the native heap
# Possible solutions:
#   Reduce memory load on the system
#   Increase physical memory or swap space
#   Check if swap backing store is full
#   Decrease Java heap size (-Xmx/-Xms)
#   Decrease number of Java threads
#   Decrease Java thread stack sizes (-Xss)
#   Set larger code cache with -XX:ReservedCodeCacheSize=
# This output file may be truncated or incomplete.
#
#  Out of Memory Error (t:/workspace/open/src/hotspot/os/windows/os_windows.cpp:3301), pid=8208, tid=14848
#
# JRE version:  (13.0.1+9) (build )
# Java VM: Java HotSpot(TM) 64-Bit Server VM (13.0.1+9, mixed mode, aot, sharing, tiered, compressed oops, g1 gc, windows-amd64)
# No core dump will be written. Minidumps are not enabled by default on client versions of Windows
#

---------------  S U M M A R Y ------------

Command Line: -Dfile.encoding=Cp1252 com.GameStudios.main.Game

Host: Intel(R) Core(TM) i3-3250 CPU @ 3.50GHz, 4 cores, 7G,  Windows 10 , 64 bit Build 18362 (10.0.18362.329)
Time: Tue Feb 11 10:50:01 2020 Hora oficial do Brasil elapsed time: 0 seconds (0d 0h 0m 0s)

---------------  T H R E A D  ---------------

Current thread (0x00000177c5ed9800):  JavaThread "Unknown thread" [_thread_in_vm, id=14848, stack(0x0000004394a00000,0x0000004394b00000)]

Stack: [0x0000004394a00000,0x0000004394b00000]
Native frames: (J=compiled Java code, j=interpreted, Vv=VM code, C=native code)
V  [jvm.dll+0x626eca]
V  [jvm.dll+0x772c6a]
V  [jvm.dll+0x77441f]
V  [jvm.dll+0x774a23]
V  [jvm.dll+0x24da58]
V  [jvm.dll+0x62438a]
V  [jvm.dll+0x618f75]
V  [jvm.dll+0x30c61c]
V  [jvm.dll+0x30c452]
V  [jvm.dll+0x311bc6]
V  [jvm.dll+0x355ce6]
V  [jvm.dll+0x3554c0]
V  [jvm.dll+0x2e729a]
V  [jvm.dll+0x2e8532]
V  [jvm.dll+0x74fcd8]
V  [jvm.dll+0x363739]
V  [jvm.dll+0x732dc5]
V  [jvm.dll+0x3ce2ef]
V  [jvm.dll+0x3d0611]
C  [jli.dll+0x51ff]
C  [ucrtbase.dll+0x20e72]
C  [KERNEL32.DLL+0x17bd4]
C  [ntdll.dll+0x6ced1]


---------------  P R O C E S S  ---------------

Threads class SMR info:
_java_thread_list=0x00007ffebe6446b8, length=0, elements={
}

Java Threads: ( => current thread )

Other Threads:
  0x00000177c5f1d800 GCTaskThread "GC Thread#0" [stack: 0x0000004394b00000,0x0000004394c00000] [id=7468]
  0x00000177c5f30800 ConcurrentGCThread "G1 Main Marker" [stack: 0x0000004394c00000,0x0000004394d00000] [id=12348]
  0x00000177c5f32000 ConcurrentGCThread "G1 Conc#0" [stack: 0x0000004394d00000,0x0000004394e00000] [id=12944]

[error occurred during error reporting (printing all threads), id 0xc0000005, EXCEPTION_ACCESS_VIOLATION (0xc0000005) at pc=0x00007ffebde76f67]

VM state:not at safepoint (not fully initialized)

VM Mutex/Monitor currently owned by a thread:  ([mutex/lock_event])
[0x00000177c5ed6bf0] Heap_lock - owner thread: 0x00000177c5ed9800

Heap address: 0x0000000080800000, size: 2040 MB, Compressed Oops mode: Non-zero based: 0x0000000080800000
Narrow klass base: 0x0000000000000000, Narrow klass shift: 0

GC Heap History (0 events):
No events

Deoptimization events (0 events):
No events

Classes unloaded (0 events):
No events

Classes redefined (0 events):
No events

Internal exceptions (0 events):
No events

Events (8 events):
Event: 0.009 Loaded shared library C:\Program Files\Java\jdk-13.0.1\bin\zip.dll
Event: 0.009 Loaded shared library C:\Program Files\Java\jdk-13.0.1\bin\jimage.dll
Event: 0.010 Loading shared library C:\Program Files\Java\jdk-13.0.1\lib\libjava.base-coop.dll failed, error code 126
Event: 0.010 Loading shared library C:\Program Files\Java\jdk-13.0.1\lib\libjava.logging-coop.dll failed, error code 126
Event: 0.010 Loading shared library C:\Program Files\Java\jdk-13.0.1\lib\libjdk.compiler-coop.dll failed, error code 126
Event: 0.010 Loading shared library C:\Program Files\Java\jdk-13.0.1\lib\libjdk.scripting.nashorn-coop.dll failed, error code 126
Event: 0.010 Loading shared library C:\Program Files\Java\jdk-13.0.1\lib\libjdk.internal.vm.ci-coop.dll failed, error code 126
Event: 0.010 Loading shared library C:\Program Files\Java\jdk-13.0.1\lib\libjdk.internal.vm.compiler-coop.dll failed, error code 126


Dynamic libraries:
0x00007ff7d9850000 - 0x00007ff7d985f000 	C:\Program Files\Java\jdk-13.0.1\bin\javaw.exe
0x00007ffefd4c0000 - 0x00007ffefd6b0000 	C:\WINDOWS\SYSTEM32\ntdll.dll
0x00007ffefc230000 - 0x00007ffefc2e2000 	C:\WINDOWS\System32\KERNEL32.DLL
0x00007ffefb0e0000 - 0x00007ffefb383000 	C:\WINDOWS\System32\KERNELBASE.dll
0x00007ffefb470000 - 0x00007ffefb56a000 	C:\WINDOWS\System32\ucrtbase.dll
0x00007ffef66f0000 - 0x00007ffef6708000 	C:\Program Files\Java\jdk-13.0.1\bin\jli.dll
0x00007ffef4340000 - 0x00007ffef4355000 	C:\Program Files\Java\jdk-13.0.1\bin\VCRUNTIME140.dll
0x00007ffefd0c0000 - 0x00007ffefd163000 	C:\WINDOWS\System32\ADVAPI32.dll
0x00007ffefc0f0000 - 0x00007ffefc18e000 	C:\WINDOWS\System32\msvcrt.dll
0x00007ffefc610000 - 0x00007ffefc6a7000 	C:\WINDOWS\System32\sechost.dll
0x00007ffefc2f0000 - 0x00007ffefc410000 	C:\WINDOWS\System32\RPCRT4.dll
0x00007ffefc6b0000 - 0x00007ffefc844000 	C:\WINDOWS\System32\USER32.dll
0x00007ffefa670000 - 0x00007ffefa691000 	C:\WINDOWS\System32\win32u.dll
0x00007ffefbce0000 - 0x00007ffefbd06000 	C:\WINDOWS\System32\GDI32.dll
0x00007ffefa6a0000 - 0x00007ffefa834000 	C:\WINDOWS\System32\gdi32full.dll
0x00007ffefb020000 - 0x00007ffefb0be000 	C:\WINDOWS\System32\msvcp_win.dll
0x00007ffef0b50000 - 0x00007ffef0dd5000 	C:\WINDOWS\WinSxS\amd64_microsoft.windows.common-controls_6595b64144ccf1df_6.0.18362.592_none_e6c0b1911312be02\COMCTL32.dll
0x00007ffefc850000 - 0x00007ffefcb86000 	C:\WINDOWS\System32\combase.dll
0x00007ffefa5f0000 - 0x00007ffefa670000 	C:\WINDOWS\System32\bcryptPrimitives.dll
0x00007ffef5bb0000 - 0x00007ffef5bba000 	C:\WINDOWS\SYSTEM32\VERSION.dll
0x00007ffefc190000 - 0x00007ffefc1be000 	C:\WINDOWS\System32\IMM32.DLL
0x00007ffef17c0000 - 0x00007ffef185b000 	C:\Program Files\Java\jdk-13.0.1\bin\msvcp140.dll
0x00007ffebdb80000 - 0x00007ffebe6e6000 	C:\Program Files\Java\jdk-13.0.1\bin\server\jvm.dll
0x00007ffefcb90000 - 0x00007ffefcb98000 	C:\WINDOWS\System32\PSAPI.DLL
0x00007ffee7780000 - 0x00007ffee7789000 	C:\WINDOWS\SYSTEM32\WSOCK32.dll
0x00007ffefc1c0000 - 0x00007ffefc22f000 	C:\WINDOWS\System32\WS2_32.dll
0x00007ffef7dc0000 - 0x00007ffef7de4000 	C:\WINDOWS\SYSTEM32\WINMM.dll
0x00007ffef7d50000 - 0x00007ffef7d7d000 	C:\WINDOWS\SYSTEM32\winmmbase.dll
0x00007ffefa450000 - 0x00007ffefa49a000 	C:\WINDOWS\System32\cfgmgr32.dll
0x00007ffefa430000 - 0x00007ffefa441000 	C:\WINDOWS\System32\kernel.appcore.dll
0x00007ffef41a0000 - 0x00007ffef41b0000 	C:\Program Files\Java\jdk-13.0.1\bin\verify.dll
0x00007ffee7810000 - 0x00007ffee7a04000 	C:\WINDOWS\SYSTEM32\DBGHELP.DLL
0x00007ffee77a0000 - 0x00007ffee77ca000 	C:\WINDOWS\SYSTEM32\dbgcore.DLL
0x00007ffee27f0000 - 0x00007ffee2816000 	C:\Program Files\Java\jdk-13.0.1\bin\java.dll
0x00007ffeedf70000 - 0x00007ffeedf87000 	C:\Program Files\Java\jdk-13.0.1\bin\zip.dll
0x00007ffef4020000 - 0x00007ffef402a000 	C:\Program Files\Java\jdk-13.0.1\bin\jimage.dll

dbghelp: loaded successfully - version: 4.0.5 - missing functions: none
symbol engine: initialized successfully - sym options: 0x614 - pdb path: .;C:\Program Files\Java\jdk-13.0.1\bin;C:\WINDOWS\SYSTEM32;C:\WINDOWS\WinSxS\amd64_microsoft.windows.common-controls_6595b64144ccf1df_6.0.18362.592_none_e6c0b1911312be02;C:\Program Files\Java\jdk-13.0.1\bin\server

VM Arguments:
jvm_args: -Dfile.encoding=Cp1252 
java_command: com.GameStudios.main.Game
java_class_path (initial): D:\Users\Usuario\eclipse-workspace\Game_01\bin
Launcher Type: SUN_STANDARD

[Global flags]
     intx CICompilerCount                          = 3                                         {product} {ergonomic}
     uint ConcGCThreads                            = 1                                         {product} {ergonomic}
     uint G1ConcRefinementThreads                  = 4                                         {product} {ergonomic}
   size_t G1HeapRegionSize                         = 1048576                                   {product} {ergonomic}
    uintx GCDrainStackTargetSize                   = 64                                        {product} {ergonomic}
   size_t InitialHeapSize                          = 134217728                                 {product} {ergonomic}
   size_t MarkStackSize                            = 4194304                                   {product} {ergonomic}
   size_t MaxHeapSize                              = 2139095040                                {product} {ergonomic}
   size_t MinHeapDeltaBytes                        = 1048576                                   {product} {ergonomic}
   size_t MinHeapSize                              = 8388608                                   {product} {ergonomic}
    uintx NonNMethodCodeHeapSize                   = 5830732                                {pd product} {ergonomic}
    uintx NonProfiledCodeHeapSize                  = 122913754                              {pd product} {ergonomic}
    uintx ProfiledCodeHeapSize                     = 122913754                              {pd product} {ergonomic}
    uintx ReservedCodeCacheSize                    = 251658240                              {pd product} {ergonomic}
     bool SegmentedCodeCache                       = true                                      {product} {ergonomic}
   size_t SoftMaxHeapSize                          = 2139095040                             {manageable} {ergonomic}
     bool UseCompressedClassPointers               = true                                 {lp64_product} {ergonomic}
     bool UseCompressedOops                        = true                                 {lp64_product} {ergonomic}
     bool UseG1GC                                  = true                                      {product} {ergonomic}
     bool UseLargePagesIndividualAllocation        = false                                  {pd product} {ergonomic}

Logging:
Log output configuration:
 #0: stdout all=warning uptime,level,tags
 #1: stderr all=off uptime,level,tags

Environment Variables:
PATH=C:/Program Files/Java/jdk-13.0.1/bin/server;C:/Program Files/Java/jdk-13.0.1/bin;C:\Program Files (x86)\Common Files\Oracle\Java\javapath;C:\ProgramData\Oracle\Java\javapath;C:\WINDOWS\system32;C:\WINDOWS;C:\WINDOWS\System32\Wbem;C:\WINDOWS\System32\WindowsPowerShell\v1.0\;C:\WINDOWS\System32\OpenSSH\;C:\Program Files (x86)\Windows Live\Shared;C:\Program Files (x86)\NVIDIA Corporation\PhysX\Common;%SystemRoot%\system32;%SystemRoot%;%SystemRoot%\System32\Wbem;%SYSTEMROOT%\System32\WindowsPowerShell\v1.0\;%SYSTEMROOT%\System32\OpenSSH\;C:\Users\Usuario\AppData\Local\Microsoft\WindowsApps;;C:\WINDOWS\System32;
USERNAME=Usuario
OS=Windows_NT
PROCESSOR_IDENTIFIER=Intel64 Family 6 Model 58 Stepping 9, GenuineIntel



---------------  S Y S T E M  ---------------

OS: Windows 10 , 64 bit Build 18362 (10.0.18362.329)

CPU:total 4 (initial active 4) (2 cores per cpu, 2 threads per core) family 6 model 58 stepping 9, cmov, cx8, fxsr, mmx, sse, sse2, sse3, ssse3, sse4.1, sse4.2, popcnt, avx, clmul, erms, ht, tsc, tscinvbit, tscinv

Memory: 4k page, system-wide physical 8155M (2055M free)
TotalPageFile size 20314M (AvailPageFile size 51M)
current process WorkingSet (physical memory assigned to process): 10M, peak: 10M
current process commit charge ("private bytes"): 52M, peak: 180M

vm_info: Java HotSpot(TM) 64-Bit Server VM (13.0.1+9) for windows-amd64 JRE (13.0.1+9), built on Oct  6 2019 12:37:49 by "mach5one" with unknown MS VC++:1916

END.
